"Start of log file."
"E:/Users/Andrew/Developer/Unity/WarOfTanks3D/Assets/tank_prototype.max"
"Starting max loading and fbx conversion"
window = undefined
"Settings units"
"Before fbx export"
"After fbx export"
"Finished max loading and fbx conversion"
"E:/Users/Andrew/Developer/Unity/WarOfTanks3D/Assets/tank_prototype.max"
"Starting max loading and fbx conversion"
window = undefined
"Settings units"
"Before fbx export"
"After fbx export"
"Finished max loading and fbx conversion"
"E:/Users/Andrew/Developer/Unity/WarOfTanks3D/Assets/tank_prototype.max"
"Starting max loading and fbx conversion"
window = undefined
"Settings units"
"Before fbx export"
"After fbx export"
"Finished max loading and fbx conversion"
"E:/Users/Andrew/Developer/Unity/WarOfTanks3D/Assets/tank_prototype.max"
"Starting max loading and fbx conversion"
window = undefined
"Settings units"
"Before fbx export"
"After fbx export"
"Finished max loading and fbx conversion"
"E:/Users/Andrew/Developer/Unity/WarOfTanks3D/Assets/Meshes/tank_prototype.max"
"Starting max loading and fbx conversion"
window = undefined
"Settings units"
"Before fbx export"
"After fbx export"
"Finished max loading and fbx conversion"
"E:/Users/Andrew/Developer/Unity/WarOfTanks3D/Assets/Meshes/tank_prototype.max"
"Starting max loading and fbx conversion"
window = undefined
"Settings units"
"Before fbx export"
"After fbx export"
"Finished max loading and fbx conversion"
